<?xml version="1.0" encoding="UTF-8"?>
<testsuite name="TestSuite" time="3.736" tests="1" errors="0" skipped="0" failures="1">
  <properties>
    <property name="java.runtime.name" value="Java(TM) SE Runtime Environment"/>
    <property name="sun.boot.library.path" value="/usr/share/lib/jdk1.7.0_51/jre/lib/amd64"/>
    <property name="java.vm.version" value="24.51-b03"/>
    <property name="java.vm.vendor" value="Oracle Corporation"/>
    <property name="java.vendor.url" value="http://java.oracle.com/"/>
    <property name="path.separator" value=":"/>
    <property name="guice.disable.misplaced.annotation.check" value="true"/>
    <property name="java.vm.name" value="Java HotSpot(TM) 64-Bit Server VM"/>
    <property name="file.encoding.pkg" value="sun.io"/>
    <property name="user.country" value="IN"/>
    <property name="sun.java.launcher" value="SUN_STANDARD"/>
    <property name="sun.os.patch.level" value="unknown"/>
    <property name="java.vm.specification.name" value="Java Virtual Machine Specification"/>
    <property name="user.dir" value="/home/bhanu/projectworkspace/EmployeeManagementTest"/>
    <property name="java.runtime.version" value="1.7.0_51-b13"/>
    <property name="java.awt.graphicsenv" value="sun.awt.X11GraphicsEnvironment"/>
    <property name="java.endorsed.dirs" value="/usr/share/lib/jdk1.7.0_51/jre/lib/endorsed"/>
    <property name="os.arch" value="amd64"/>
    <property name="java.io.tmpdir" value="/tmp"/>
    <property name="line.separator" value="&#10;"/>
    <property name="java.vm.specification.vendor" value="Oracle Corporation"/>
    <property name="os.name" value="Linux"/>
    <property name="classworlds.conf" value="/home/bhanu/projectworkspace/.metadata/.plugins/org.eclipse.m2e.launching/launches/m2conf8662403415547377034.tmp"/>
    <property name="sun.jnu.encoding" value="UTF-8"/>
    <property name="java.library.path" value="/usr/java/packages/lib/amd64:/usr/lib64:/lib64:/lib:/usr/lib"/>
    <property name="java.specification.name" value="Java Platform API Specification"/>
    <property name="java.class.version" value="51.0"/>
    <property name="sun.management.compiler" value="HotSpot 64-Bit Tiered Compilers"/>
    <property name="os.version" value="3.8.0-42-generic"/>
    <property name="user.home" value="/home/bhanu"/>
    <property name="user.timezone" value="Asia/Kolkata"/>
    <property name="java.awt.printerjob" value="sun.print.PSPrinterJob"/>
    <property name="file.encoding" value="UTF-8"/>
    <property name="java.specification.version" value="1.7"/>
    <property name="user.name" value="bhanu"/>
    <property name="java.class.path" value="/home/bhanu/.eclipse/org.eclipse.platform_4.3.0_1045958055_linux_gtk_x86_64/configuration/org.eclipse.osgi/bundles/528/1/.cp/jars/plexus-classworlds-2.4.jar"/>
    <property name="java.vm.specification.version" value="1.7"/>
    <property name="sun.arch.data.model" value="64"/>
    <property name="java.home" value="/usr/share/lib/jdk1.7.0_51/jre"/>
    <property name="sun.java.command" value="org.codehaus.plexus.classworlds.launcher.Launcher -B test"/>
    <property name="java.specification.vendor" value="Oracle Corporation"/>
    <property name="user.language" value="en"/>
    <property name="awt.toolkit" value="sun.awt.X11.XToolkit"/>
    <property name="java.vm.info" value="mixed mode"/>
    <property name="java.version" value="1.7.0_51"/>
    <property name="java.ext.dirs" value="/usr/share/lib/jdk1.7.0_51/jre/lib/ext:/usr/java/packages/lib/ext"/>
    <property name="securerandom.source" value="file:/dev/./urandom"/>
    <property name="sun.boot.class.path" value="/usr/share/lib/jdk1.7.0_51/jre/lib/resources.jar:/usr/share/lib/jdk1.7.0_51/jre/lib/rt.jar:/usr/share/lib/jdk1.7.0_51/jre/lib/sunrsasign.jar:/usr/share/lib/jdk1.7.0_51/jre/lib/jsse.jar:/usr/share/lib/jdk1.7.0_51/jre/lib/jce.jar:/usr/share/lib/jdk1.7.0_51/jre/lib/charsets.jar:/usr/share/lib/jdk1.7.0_51/jre/lib/jfr.jar:/usr/share/lib/jdk1.7.0_51/jre/classes"/>
    <property name="java.vendor" value="Oracle Corporation"/>
    <property name="maven.home" value="/home/bhanu/projectworkspace/EmployeeManagementTest/EMBEDDED"/>
    <property name="file.separator" value="/"/>
    <property name="java.vendor.url.bug" value="http://bugreport.sun.com/bugreport/"/>
    <property name="maven.bootclasspath" value="/home/bhanu/.eclipse/org.eclipse.platform_4.3.0_1045958055_linux_gtk_x86_64/configuration/org.eclipse.osgi/bundles/528/1/.cp/jars/plexus-classworlds-2.4.jar"/>
    <property name="sun.cpu.endian" value="little"/>
    <property name="sun.io.unicode.encoding" value="UnicodeLittle"/>
    <property name="sun.desktop" value="gnome"/>
    <property name="sun.cpu.isalist" value=""/>
  </properties>
  <testcase name="run" classname="com.atmecs.EmployeeManagementTest.StoryRunner" time="3.736">
    <failure message="Failures in running stories: ReportsCount[stories=1,storiesNotAllowed=0,storiesPending=0,scenarios=58,scenariosFailed=55,scenariosNotAllowed=0,scenariosPending=0,stepsFailed=55]" type="org.jbehave.core.embedder.Embedder$RunningStoriesFailed">org.jbehave.core.embedder.Embedder$RunningStoriesFailed: Failures in running stories: ReportsCount[stories=1,storiesNotAllowed=0,storiesPending=0,scenarios=58,scenariosFailed=55,scenariosNotAllowed=0,scenariosPending=0,stepsFailed=55]
	at org.jbehave.core.embedder.Embedder$ThrowingRunningStoriesFailed.handleFailures(Embedder.java:525)
	at org.jbehave.core.embedder.Embedder.handleFailures(Embedder.java:269)
	at org.jbehave.core.embedder.Embedder.generateReportsView(Embedder.java:256)
	at org.jbehave.core.embedder.Embedder.generateReportsView(Embedder.java:237)
	at org.jbehave.core.embedder.Embedder.runStoriesAsPaths(Embedder.java:213)
	at org.jbehave.core.junit.JUnitStory.run(JUnitStory.java:24)
	at com.atmecs.EmployeeManagementTest.StoryRunner.run(StoryRunner.java:17)
</failure>
    <system-out><![CDATA[Processing system properties {}
Using controls EmbedderControls[batch=false,skip=false,generateViewAfterStories=true,ignoreFailureInStories=false,ignoreFailureInView=false,verboseFailures=false,verboseFiltering=false,storyTimeoutInSecs=300,failOnStoryTimeout=false,threads=1]

(BeforeStories)

Running story com/atmecs/EmployeeManagementTest/story_runner.story
Sample story
(com/atmecs/EmployeeManagementTest/story_runner.story)
Narrative:
In order to communicate effectively to the business some functionality
As a development team
I want to use Behaviour-Driven Development
Scenario: A scenario Insert A data in Employee Table but it missing a Last Name , Department Name and Designation Name
Inside  Employee POJO Constructor.......
When I Enter Employee Details as "Himansu" "" "" "" (FAILED)
(ServerStatusException 
	data: ASObject(967078155){message=java.lang.Exception : Employee has Null Values, rootCause=java.lang.Exception, details=null, code=Server.Processing}
	HttpResponseInfo: HttpResponseInfo 
	code: 200
	message: OK)
Then Check Whether Employee Details Entered as "Himansu" "" "" "" (NOT PERFORMED)

Scenario: A scenario Insert A data in Employee Table but it missing a First Name ,Department Name and Designation Name
Inside  Employee POJO Constructor.......
When I Enter Employee Details as "" "Gupta" "" "" (FAILED)
(ServerStatusException 
	data: ASObject(1579521311){message=java.lang.Exception : Employee has Null Values, rootCause=java.lang.Exception, details=null, code=Server.Processing}
	HttpResponseInfo: HttpResponseInfo 
	code: 200
	message: OK)
Then Check Whether Employee Details Entered as "" "Gupta" "" "" (NOT PERFORMED)

Scenario: A scenario Insert A data in Employee Table but it missing a First Name ,Last Name and Designation Name
Inside  Employee POJO Constructor.......
When I Enter Employee Details as "" "" "QA" "" (FAILED)
(ServerStatusException 
	data: ASObject(95431045){message=java.lang.Exception : Employee has Null Values, rootCause=java.lang.Exception, details=null, code=Server.Processing}
	HttpResponseInfo: HttpResponseInfo 
	code: 200
	message: OK)
Then Check Whether Employee Details Entered as "" "" "QA" "" (NOT PERFORMED)

Scenario: A scenario Insert A data in Employee Table but it missing a First Name ,Last Name and Department Name
Inside  Employee POJO Constructor.......
When I Enter Employee Details as "" "" "" "ENGINEER" (FAILED)
(ServerStatusException 
	data: ASObject(2069399799){message=java.lang.Exception : Employee has Null Values, rootCause=java.lang.Exception, details=null, code=Server.Processing}
	HttpResponseInfo: HttpResponseInfo 
	code: 200
	message: OK)
Then Check Whether Employee Details Entered as "" "" "" "ENGINEER" (NOT PERFORMED)

Scenario: A scenario Insert A data in Employee Table but it missing a Department Name and Designation Name
Inside  Employee POJO Constructor.......
When I Enter Employee Details as "Himansu" "Gupta" "" "" (FAILED)
(ServerStatusException 
	data: ASObject(31199212){message=java.lang.Exception : Employee has Null Values, rootCause=java.lang.Exception, details=null, code=Server.Processing}
	HttpResponseInfo: HttpResponseInfo 
	code: 200
	message: OK)
Then Check Whether Employee Details Entered as "Himansu" "Gupta" "" "" (NOT PERFORMED)

Scenario: A scenario Insert A data in Employee Table but it missing a Last Name and Designation Name
Inside  Employee POJO Constructor.......
When I Enter Employee Details as "Himansu" "" "QA" "" (FAILED)
(ServerStatusException 
	data: ASObject(2050276490){message=java.lang.Exception : Employee has Null Values, rootCause=java.lang.Exception, details=null, code=Server.Processing}
	HttpResponseInfo: HttpResponseInfo 
	code: 200
	message: OK)
Then Check Whether Employee Details Entered as "Himansu" "" "QA" "" (NOT PERFORMED)

Scenario: A scenario Insert A data in Employee Table but it missing a Last Name and Department Name
Inside  Employee POJO Constructor.......
When I Enter Employee Details as "Himansu" "" "" "ENGINEER" (FAILED)
(ServerStatusException 
	data: ASObject(1091821473){message=java.lang.Exception : Employee has Null Values, rootCause=java.lang.Exception, details=null, code=Server.Processing}
	HttpResponseInfo: HttpResponseInfo 
	code: 200
	message: OK)
Then Check Whether Employee Details Entered as "Himansu" "" "" "ENGINEER" (NOT PERFORMED)

Scenario: A scenario Insert A data in Employee Table but it missing a First Name and Designation Name
Inside  Employee POJO Constructor.......
When I Enter Employee Details as "" "Gupta" "QA"  "" (FAILED)
(ServerStatusException 
	data: ASObject(1970306167){message=java.lang.Exception : Employee has Null Values, rootCause=java.lang.Exception, details=null, code=Server.Processing}
	HttpResponseInfo: HttpResponseInfo 
	code: 200
	message: OK)
Then Check Whether Employee Details Entered as "" "Gupta" "QA" "" (NOT PERFORMED)

Scenario: A scenario Insert A data in Employee Table but it missing a First Name and Department Name
Inside  Employee POJO Constructor.......
When I Enter Employee Details as "" "Gupta" "" "ENGINEER" (FAILED)
(ServerStatusException 
	data: ASObject(963683579){message=java.lang.Exception : Employee has Null Values, rootCause=java.lang.Exception, details=null, code=Server.Processing}
	HttpResponseInfo: HttpResponseInfo 
	code: 200
	message: OK)
Then Check Whether Employee Details Entered as "" "Gupta" "" "ENGINEER" (NOT PERFORMED)

Scenario: A scenario Insert A data in Employee Table but it missing a  First Name and Last Name
Inside  Employee POJO Constructor.......
When I Enter Employee Details as "" "" "QA" "ENGINEER" (FAILED)
(ServerStatusException 
	data: ASObject(264788884){message=java.lang.Exception : Employee has Null Values, rootCause=java.lang.Exception, details=null, code=Server.Processing}
	HttpResponseInfo: HttpResponseInfo 
	code: 200
	message: OK)
Then Check Whether Employee Details Entered as "" "" "QA" "ENGINEER" (NOT PERFORMED)

Scenario: A scenario Insert A data in Employee Table but it missing a Designation Name
Inside  Employee POJO Constructor.......
When I Enter Employee Details as "Himansu" "Gupta" "QA" "" (FAILED)
(ServerStatusException 
	data: ASObject(1607659723){message=java.lang.Exception : Employee has Null Values, rootCause=java.lang.Exception, details=null, code=Server.Processing}
	HttpResponseInfo: HttpResponseInfo 
	code: 200
	message: OK)
Then Check Whether Employee Details Entered as "Himansu" "Gupta" "QA" "" (NOT PERFORMED)

Scenario: A scenario Insert A data in Employee Table but it missing a Department Name
Inside  Employee POJO Constructor.......
When I Enter Employee Details as "Himansu" "Gupta" "" "ENGINEER" (FAILED)
(ServerStatusException 
	data: ASObject(690465827){message=java.lang.Exception : Employee has Null Values, rootCause=java.lang.Exception, details=null, code=Server.Processing}
	HttpResponseInfo: HttpResponseInfo 
	code: 200
	message: OK)
Then Check Whether Employee Details Entered as "Himansu" "Gupta" "" "ENGINEER" (NOT PERFORMED)

Scenario: A scenario Insert A data in Employee Table but it missing a Last Name
Inside  Employee POJO Constructor.......
When I Enter Employee Details as "Himansu" "" "QA" "ENGINEER" (FAILED)
(ServerStatusException 
	data: ASObject(382893673){message=java.lang.Exception : Employee has Null Values, rootCause=java.lang.Exception, details=null, code=Server.Processing}
	HttpResponseInfo: HttpResponseInfo 
	code: 200
	message: OK)
Then Check Whether Employee Details Entered as "Himansu" "" "QA" "ENGINEER" (NOT PERFORMED)

Scenario: A scenario Insert A data in Employee Table but it missing a First Name
Inside  Employee POJO Constructor.......
When I Enter Employee Details as "" "Gupta" "QA" "ENGINEER" (FAILED)
(ServerStatusException 
	data: ASObject(830664902){message=java.lang.Exception : Employee has Null Values, rootCause=java.lang.Exception, details=null, code=Server.Processing}
	HttpResponseInfo: HttpResponseInfo 
	code: 200
	message: OK)
Then Check Whether Employee Details Entered as "" "Gupta" "QA" "ENGINEER" (NOT PERFORMED)

Scenario: A scenario Insert A data in Employee Table All details
Inside  Employee POJO Constructor.......
Result is 11.0
When I Enter Employee Details as "Himansu" "Gupta" "QA" "ENGINEER"
Inside  Employee POJO Constructor.......
Inside  Employee POJO Constructor.......
Result POJOEmployeePOJO [empId=11, fName=Himansu, lName=Gupta, departmentName=QA, designationName=ENGINEER]
EmployeePOJO [empId=11, fName=Himansu, lName=Gupta, departmentName=QA, designationName=ENGINEER]
Inside Then result true
Then Check Whether Employee Details Entered as "Himansu" "Gupta" "QA" "ENGINEER"

Scenario: Scenario for updating data in Employee Table but it is missing First Name, Last Name , Department Name and Designation Name
When I Update Employee Details as "1" "" "" "" "" (FAILED)
(ServerStatusException 
	data: ASObject(673204106){message=java.lang.Exception : Update values has Null ,update failed..., rootCause=java.lang.Exception, details=null, code=Server.Processing}
	HttpResponseInfo: HttpResponseInfo 
	code: 200
	message: OK)
Then Check Whether Employee Details are Updated as "1" "" "" "" "" (NOT PERFORMED)

Scenario: Scenario for updating data in Employee Table but it is missing Employee ID, Last Name , Department Name and Designation Name
When I Update Employee Details as "" "Himanshu" "" "" "" (FAILED)
(org.jbehave.core.steps.ParameterConverters$ParameterConvertionFailed: )
Then Check Whether Employee Details are Updated as "" "Himanshu" "" "" "" (NOT PERFORMED)

Scenario: Scenario for updating data in Employee Table but it is missing Employee ID, First Name, Department Name and Designation Name
When I Update Employee Details as "" "" "Gupta" "" "" (FAILED)
(org.jbehave.core.steps.ParameterConverters$ParameterConvertionFailed: )
Then Check Whether Employee Details are Updated as "" "" "Gupta" "" "" (NOT PERFORMED)

Scenario: Scenario for updating data in Employee Table but it is missing Employee ID, First Name, Last Name and Designation Name
When I Update Employee Details as "" "" "" "QA" "" (FAILED)
(org.jbehave.core.steps.ParameterConverters$ParameterConvertionFailed: )
Then Check Whether Employee Details are Updated as "" "" "" "QA" "" (NOT PERFORMED)

Scenario: Scenario for updating data in Employee Table but it is missing Employee ID, First Name ,Last Name and Department Name
When I Update Employee Details as "" "" "" "" "ENGINEER" (FAILED)
(org.jbehave.core.steps.ParameterConverters$ParameterConvertionFailed: )
Then Check Whether Employee Details are Updated as "" "" "" "" "ENGINEER" (NOT PERFORMED)

Scenario: Scenario for updating data in Employee Table but it is missing Last Name , Department Name and Designation Name
When I Update Employee Details as "1" "Himanshu" "" "" "" (FAILED)
(ServerStatusException 
	data: ASObject(1375614346){message=java.lang.Exception : Update values has Null ,update failed..., rootCause=java.lang.Exception, details=null, code=Server.Processing}
	HttpResponseInfo: HttpResponseInfo 
	code: 200
	message: OK)
Then Check Whether Employee Details are Updated as "1" "Himanshu" "" "" "" (NOT PERFORMED)

Scenario: Scenario for updating data in Employee Table but it is missing First Name , Department Name and Designation Name
When I Update Employee Details as "1" "" "Gupta" "" "" (FAILED)
(ServerStatusException 
	data: ASObject(1935759253){message=java.lang.Exception : Update values has Null ,update failed..., rootCause=java.lang.Exception, details=null, code=Server.Processing}
	HttpResponseInfo: HttpResponseInfo 
	code: 200
	message: OK)
Then Check Whether Employee Details are Updated as "1" "" "Gupta" "" "" (NOT PERFORMED)

Scenario: Scenario for updating data in Employee Table but it is missing First name Last Name and Designation Name
When I Update Employee Details as "1" "" "" "QA" "" (FAILED)
(ServerStatusException 
	data: ASObject(2070071126){message=java.lang.Exception : Update values has Null ,update failed..., rootCause=java.lang.Exception, details=null, code=Server.Processing}
	HttpResponseInfo: HttpResponseInfo 
	code: 200
	message: OK)
Then Check Whether Employee Details are Updated as "1" "" "" "QA" "" (NOT PERFORMED)

Scenario: Scenario for updating data in Employee Table but it is missing First Name Last Name and Department Name
When I Update Employee Details as "1" "" "" "" "ENGINEER" (FAILED)
(ServerStatusException 
	data: ASObject(838020689){message=java.lang.Exception : Update values has Null ,update failed..., rootCause=java.lang.Exception, details=null, code=Server.Processing}
	HttpResponseInfo: HttpResponseInfo 
	code: 200
	message: OK)
Then Check Whether Employee Details are Updated as "1" "" "" "" "ENGINEER" (NOT PERFORMED)

Scenario: Scenario for updating data in Employee Table but it is missing Employee ID, Department Name and Designation Name
When I Update Employee Details as "" "Himanshu" "Gupta" "" "" (FAILED)
(org.jbehave.core.steps.ParameterConverters$ParameterConvertionFailed: )
Then Check Whether Employee Details are Updated as "" "Himanshu" "Gupta" "" "" (NOT PERFORMED)

Scenario: Scenario for updating data in Employee Table but it is missing Employee ID, Last Name and Designation Name
When I Update Employee Details as "" "Himanshu" "" "QA" "" (FAILED)
(org.jbehave.core.steps.ParameterConverters$ParameterConvertionFailed: )
Then Check Whether Employee Details are Updated as "" "Himanshu" "" "QA" "" (NOT PERFORMED)

Scenario: Scenario for updating data in Employee Table but it is missing Employee ID, Last Name and Department Name
When I Update Employee Details as "" "Himanshu" "" "" "ENGINEER" (FAILED)
(org.jbehave.core.steps.ParameterConverters$ParameterConvertionFailed: )
Then Check Whether Employee Details are Updated as "" "Himanshu" "" "" "ENGINEER" (NOT PERFORMED)

Scenario: Scenario for updating data in Employee Table but it is missing Employee ID, First Name and Designation Name
When I Update Employee Details as "" "" "Gupta" "QA"  "" (FAILED)
(org.jbehave.core.steps.ParameterConverters$ParameterConvertionFailed: )
Then Check Whether Employee Details are Updated as "" "" "Gupta" "QA" "" (NOT PERFORMED)

Scenario: Scenario for updating data in Employee Table but it is missing Employee ID, First Name and Department Name
When I Update Employee Details as "" "" "Gupta" "" "ENGINEER" (FAILED)
(org.jbehave.core.steps.ParameterConverters$ParameterConvertionFailed: )
Then Check Whether Employee Details are Updated as "" "" "Gupta" "" "ENGINEER" (NOT PERFORMED)

Scenario: Scenario for updating data in Employee Table but it is missing Employee ID,  First Name and Last Name
When I Update Employee Details as "" "" "" "QA" "ENGINEER" (FAILED)
(org.jbehave.core.steps.ParameterConverters$ParameterConvertionFailed: )
Then Check Whether Employee Details are Updated as "" "" "" "QA" "ENGINEER" (NOT PERFORMED)

Scenario: Scenario for updating data in Employee Table but it is missing Department Name and Designation Name
When I Update Employee Details as "1" "Himanshu" "Gupta" "" "" (FAILED)
(ServerStatusException 
	data: ASObject(1241236050){message=java.lang.Exception : Update values has Null ,update failed..., rootCause=java.lang.Exception, details=null, code=Server.Processing}
	HttpResponseInfo: HttpResponseInfo 
	code: 200
	message: OK)
Then Check Whether Employee Details are Updated as "1" "Himanshu" "Gupta" "" "" (NOT PERFORMED)

Scenario: Scenario for updating data in Employee Table but it is missing Last Name and Designation Name
When I Update Employee Details as "1" "Himanshu" "" "QA" "" (FAILED)
(ServerStatusException 
	data: ASObject(1179167955){message=java.lang.Exception : Update values has Null ,update failed..., rootCause=java.lang.Exception, details=null, code=Server.Processing}
	HttpResponseInfo: HttpResponseInfo 
	code: 200
	message: OK)
Then Check Whether Employee Details are Updated as "1" "Himanshu" "" "QA" "" (NOT PERFORMED)

Scenario: Scenario for updating data in Employee Table but it is missing Last Name and Department Name
When I Update Employee Details as "1" "Himanshu" "" "" "ENGINEER" (FAILED)
(ServerStatusException 
	data: ASObject(2085116975){message=java.lang.Exception : Update values has Null ,update failed..., rootCause=java.lang.Exception, details=null, code=Server.Processing}
	HttpResponseInfo: HttpResponseInfo 
	code: 200
	message: OK)
Then Check Whether Employee Details are Updated as "1" "Himanshu" "" "" "ENGINEER" (NOT PERFORMED)

Scenario: Scenario for updating data in Employee Table but it is missing First Name and Designation Name
When I Update Employee Details as "1" "" "Gupta" "QA" "" (FAILED)
(ServerStatusException 
	data: ASObject(525895348){message=java.lang.Exception : Update values has Null ,update failed..., rootCause=java.lang.Exception, details=null, code=Server.Processing}
	HttpResponseInfo: HttpResponseInfo 
	code: 200
	message: OK)
Then Check Whether Employee Details are Updated as "1" "" "Gupta" "QA" "" (NOT PERFORMED)

Scenario: Scenario for updating data in Employee Table but it is missing First Name and Department Name
When I Update Employee Details as "1" "" "Gupta" "" "ENGINEER" (FAILED)
(ServerStatusException 
	data: ASObject(1056149457){message=java.lang.Exception : Update values has Null ,update failed..., rootCause=java.lang.Exception, details=null, code=Server.Processing}
	HttpResponseInfo: HttpResponseInfo 
	code: 200
	message: OK)
Then Check Whether Employee Details are Updated as "1" "" "Gupta" "" "ENGINEER" (NOT PERFORMED)

Scenario: Scenario for updating data in Employee Table but it is missing First Name and Last Name
When I Update Employee Details as "1" "" "" "QA" "ENGINEER" (FAILED)
(ServerStatusException 
	data: ASObject(1601108929){message=java.lang.Exception : Update values has Null ,update failed..., rootCause=java.lang.Exception, details=null, code=Server.Processing}
	HttpResponseInfo: HttpResponseInfo 
	code: 200
	message: OK)
Then Check Whether Employee Details are Updated as "1" "" "" "QA" "ENGINEER" (NOT PERFORMED)

Scenario: Scenario for updating data in Employee Table but it is missing Employee ID and Designation Name
When I Update Employee Details as "" "Himanshu" "Gupta" "QA" "" (FAILED)
(org.jbehave.core.steps.ParameterConverters$ParameterConvertionFailed: )
Then Check Whether Employee Details are Updated as "" "Himanshu" "Gupta" "QA" "" (NOT PERFORMED)

Scenario: Scenario for updating data in Employee Table but it is missing Employee ID and Department Name
When I Update Employee Details as "" "Himanshu" "Gupta" "" "ENGINEER" (FAILED)
(org.jbehave.core.steps.ParameterConverters$ParameterConvertionFailed: )
Then Check Whether Employee Details are Updated as "" "Himanshu" "Gupta" "" "ENGINEER" (NOT PERFORMED)

Scenario: Scenario for updating data in Employee Table but it is missing Employee ID and Last Name
When I Update Employee Details as "" "Himanshu" "" "QA" "ENGINEER" (FAILED)
(org.jbehave.core.steps.ParameterConverters$ParameterConvertionFailed: )
Then Check Whether Employee Details are Updated as "" "Himanshu" "" "QA" "ENGINEER" (NOT PERFORMED)

Scenario: Scenario for updating data in Employee Table but it is missing Employee ID and First Name
When I Update Employee Details as "" "" "Gupta" "QA" "ENGINEER" (FAILED)
(org.jbehave.core.steps.ParameterConverters$ParameterConvertionFailed: )
Then Check Whether Employee Details are Updated as "" "" "Gupta" "QA" "ENGINEER" (NOT PERFORMED)

Scenario: Scenario for updating data in Employee Table but it is missing Employee ID
When I Update Employee Details as "" "Himanshu" "Gupta" "QA" "ENGINEER" (FAILED)
(org.jbehave.core.steps.ParameterConverters$ParameterConvertionFailed: )
Then Check Whether Employee Details are Updated as "" "Himanshu" "Gupta" "QA" "ENGINEER" (NOT PERFORMED)

Scenario: Scenario for updating data in Employee Table but it is missing First Name
When I Update Employee Details as "2" "" "Gupta" "QA" "ENGINEER" (FAILED)
(ServerStatusException 
	data: ASObject(1589721367){message=java.lang.Exception : Update values has Null ,update failed..., rootCause=java.lang.Exception, details=null, code=Server.Processing}
	HttpResponseInfo: HttpResponseInfo 
	code: 200
	message: OK)
Then Check Whether Employee Details are Updated as "2" "" "Gupta" "QA" "ENGINEER" (NOT PERFORMED)

Scenario: Scenario for updating data in Employee Table but it is missing Last Name
When I Update Employee Details as "2" "Himanshu" "" "QA" "ENGINEER" (FAILED)
(ServerStatusException 
	data: ASObject(14387065){message=java.lang.Exception : Update values has Null ,update failed..., rootCause=java.lang.Exception, details=null, code=Server.Processing}
	HttpResponseInfo: HttpResponseInfo 
	code: 200
	message: OK)
Then Check Whether Employee Details are Updated as "2" "Himanshu" "" "QA" "ENGINEER" (NOT PERFORMED)

Scenario: Scenario for updating data in Employee Table but it is missing Department Name
When I Update Employee Details as "2" "Himanshu" "Gupta" "" "ENGINEER" (FAILED)
(ServerStatusException 
	data: ASObject(98890220){message=java.lang.Exception : Update values has Null ,update failed..., rootCause=java.lang.Exception, details=null, code=Server.Processing}
	HttpResponseInfo: HttpResponseInfo 
	code: 200
	message: OK)
Then Check Whether Employee Details are Updated as "2" "Himanshu" "Gupta" "" "ENGINEER" (NOT PERFORMED)

Scenario: Scenario for updating data in Employee Table but it is missing Designation Name
When I Update Employee Details as "2" "Himanshu" "Gupta" "QA" "" (FAILED)
(ServerStatusException 
	data: ASObject(229793306){message=java.lang.Exception : Update values has Null ,update failed..., rootCause=java.lang.Exception, details=null, code=Server.Processing}
	HttpResponseInfo: HttpResponseInfo 
	code: 200
	message: OK)
Then Check Whether Employee Details are Updated as "2" "Himanshu" "Gupta" "QA" "" (NOT PERFORMED)

Scenario: Scenario for updating data in Employee Table All details
Result is true
When I Update Employee Details as "2" "Himanshu" "Gupta" "QA" "ENGINEER"
Inside  Employee POJO Constructor.......
Inside  Employee POJO Constructor.......
Result POJOEmployeePOJO [empId=2, fName=Himanshu, lName=Gupta, departmentName=QA, designationName=ENGINEER]
EmployeePOJO [empId=2, fName=Himanshu, lName=Gupta, departmentName=QA, designationName=ENGINEER]
Inside Then result true
Then Check Whether Employee Details are Updated as "2" "Himanshu" "Gupta" "QA" "ENGINEER"

Scenario: Scenario for Deleting data in Employee Table when it is missing an Employee ID
When I Delete Employee Details of "" (FAILED)
(org.jbehave.core.steps.ParameterConverters$ParameterConvertionFailed: )
Then Check Whether Employee Details of "" is still present (NOT PERFORMED)

Scenario: Scenario for Deleting data in Employee Table when it is having an invalid Employee ID
When I Delete Employee Details of "00" (FAILED)
(ServerStatusException 
	data: ASObject(94286230){message=java.lang.Exception : Employee has 0 Values,...., rootCause=java.lang.Exception, details=null, code=Server.Processing}
	HttpResponseInfo: HttpResponseInfo 
	code: 200
	message: OK)
Then Check Whether Employee Details of "00" is still present (NOT PERFORMED)

Scenario: Scenario for Deleting data in Employee Table when it is having wrong Employee ID
When I Delete Employee Details of "1251" (FAILED)
(ServerStatusException 
	data: ASObject(1789994622){message=java.lang.Exception : No Such Employee ,...., rootCause=java.lang.Exception, details=null, code=Server.Processing}
	HttpResponseInfo: HttpResponseInfo 
	code: 200
	message: OK)
Then Check Whether Employee Details of "1251" is still present (NOT PERFORMED)

Scenario: Scenario for Deleting data in Employee Table when it is having valid Employee ID
Result is true
When I Delete Employee Details of "11"
Inside  Employee POJO Constructor.......
Result POJOEmployeePOJO [empId=9, fName=NIKHIL, lName=MURADE, departmentName=MOBILE, designationName=TL]
Then Check Whether Employee Details of "9" is still present (FAILED)
(java.lang.NullPointerException)

Scenario: Scenario for Transaction from one account to another but it is missing an Destination Employee eID and amount
Inside AccountPOJO Consrtuctor........
Inside  Employee POJO Constructor.......
Account Info : AccountPOJO [id=0, empId=EmployeePOJO [empId=2, fName=Himanshu, lName=Gupta, departmentName=QA, designationName=ENGINEER], amount=25000]
Inside AccountPOJO Consrtuctor........
Inside  Employee POJO Constructor.......
Account Info : AccountPOJO [id=0, empId=EmployeePOJO [empId=3, fName=OMKAR, lName=INAMDAR, departmentName=DEVELOPMENT, designationName=MANAGER], amount=75000]
Given Account details of Employees "2" "3"
When I Enter Transaction Details as "2" "" "" (FAILED)
(org.jbehave.core.steps.ParameterConverters$ParameterConvertionFailed: )
Then Check Whether Transaction Details as "2" "" "" are present (NOT PERFORMED)

Scenario: Scenario for Transaction from one account to another but it is missing an source Employee ID and and amount
Inside AccountPOJO Consrtuctor........
Inside  Employee POJO Constructor.......
Account Info : AccountPOJO [id=0, empId=EmployeePOJO [empId=2, fName=Himanshu, lName=Gupta, departmentName=QA, designationName=ENGINEER], amount=25000]
Inside AccountPOJO Consrtuctor........
Inside  Employee POJO Constructor.......
Account Info : AccountPOJO [id=0, empId=EmployeePOJO [empId=3, fName=OMKAR, lName=INAMDAR, departmentName=DEVELOPMENT, designationName=MANAGER], amount=75000]
Given Account details of Employees "2" "3"
When I Enter Transaction Details as "" "3" "" (FAILED)
(org.jbehave.core.steps.ParameterConverters$ParameterConvertionFailed: )
Then Check Whether Transaction Details as "" "3" "" are present (NOT PERFORMED)

Scenario: Scenario for Transaction from one account to another but it is missing an source Employee ID and Destination Employe ID
Inside AccountPOJO Consrtuctor........
Inside  Employee POJO Constructor.......
Account Info : AccountPOJO [id=0, empId=EmployeePOJO [empId=2, fName=Himanshu, lName=Gupta, departmentName=QA, designationName=ENGINEER], amount=25000]
Inside AccountPOJO Consrtuctor........
Inside  Employee POJO Constructor.......
Account Info : AccountPOJO [id=0, empId=EmployeePOJO [empId=3, fName=OMKAR, lName=INAMDAR, departmentName=DEVELOPMENT, designationName=MANAGER], amount=75000]
Given Account details of Employees "2" "3"
When I Enter Transaction Details as "" "" "1000" (FAILED)
(org.jbehave.core.steps.ParameterConverters$ParameterConvertionFailed: )
Then Check Whether Transaction Details as "" "" "1000" are present (NOT PERFORMED)

Scenario: Scenario for Transaction from one account to another but it is missing an amount
Inside AccountPOJO Consrtuctor........
Inside  Employee POJO Constructor.......
Account Info : AccountPOJO [id=0, empId=EmployeePOJO [empId=2, fName=Himanshu, lName=Gupta, departmentName=QA, designationName=ENGINEER], amount=25000]
Inside AccountPOJO Consrtuctor........
Inside  Employee POJO Constructor.......
Account Info : AccountPOJO [id=0, empId=EmployeePOJO [empId=3, fName=OMKAR, lName=INAMDAR, departmentName=DEVELOPMENT, designationName=MANAGER], amount=75000]
Given Account details of Employees "2" "3"
When I Enter Transaction Details as "2" "3" "" (FAILED)
(org.jbehave.core.steps.ParameterConverters$ParameterConvertionFailed: )
Then Check Whether Transaction Details as "2" "3" "" are present (NOT PERFORMED)

Scenario: Scenario for Transaction from one account to another but it is having an invalid source Employee ID
Inside AccountPOJO Consrtuctor........
Inside  Employee POJO Constructor.......
Account Info : AccountPOJO [id=0, empId=EmployeePOJO [empId=2, fName=Himanshu, lName=Gupta, departmentName=QA, designationName=ENGINEER], amount=25000]
Inside AccountPOJO Consrtuctor........
Inside  Employee POJO Constructor.......
Account Info : AccountPOJO [id=0, empId=EmployeePOJO [empId=3, fName=OMKAR, lName=INAMDAR, departmentName=DEVELOPMENT, designationName=MANAGER], amount=75000]
Given Account details of Employees "2" "3"
When I Enter Transaction Details as "556" "3" "1000" (FAILED)
(ServerStatusException 
	data: ASObject(1906571199){message=java.lang.Exception : Employee Id does not Exist, rootCause=java.lang.Exception, details=null, code=Server.Processing}
	HttpResponseInfo: HttpResponseInfo 
	code: 200
	message: OK)
Then Check Whether Transaction Details as "556" "3" "1000" are present (NOT PERFORMED)

Scenario: Scenario for Transaction from one account to another but it is having an invalid Amount
Inside AccountPOJO Consrtuctor........
Inside  Employee POJO Constructor.......
Account Info : AccountPOJO [id=0, empId=EmployeePOJO [empId=2, fName=Himanshu, lName=Gupta, departmentName=QA, designationName=ENGINEER], amount=25000]
Inside AccountPOJO Consrtuctor........
Inside  Employee POJO Constructor.......
Account Info : AccountPOJO [id=0, empId=EmployeePOJO [empId=3, fName=OMKAR, lName=INAMDAR, departmentName=DEVELOPMENT, designationName=MANAGER], amount=75000]
Given Account details of Employees "2" "3"
When I Enter Transaction Details as "2" "3" "-1000" (FAILED)
(ServerStatusException 
	data: ASObject(568874296){message=java.lang.Exception : Invalid Transfer Amount, rootCause=java.lang.Exception, details=null, code=Server.Processing}
	HttpResponseInfo: HttpResponseInfo 
	code: 200
	message: OK)
Then Check Whether Transaction Details as "2" "3" "-1000" are present (NOT PERFORMED)

Scenario: Scenario for Transaction from one account to another but it is having more Amount than Balance Amount
Inside AccountPOJO Consrtuctor........
Inside  Employee POJO Constructor.......
Account Info : AccountPOJO [id=0, empId=EmployeePOJO [empId=3, fName=OMKAR, lName=INAMDAR, departmentName=DEVELOPMENT, designationName=MANAGER], amount=75000]
Inside AccountPOJO Consrtuctor........
Inside  Employee POJO Constructor.......
Account Info : AccountPOJO [id=0, empId=EmployeePOJO [empId=2, fName=Himanshu, lName=Gupta, departmentName=QA, designationName=ENGINEER], amount=25000]
Given Account details of Employees "3" "2"
When I Enter Transaction Details as "3" "2" "100000" (FAILED)
(ServerStatusException 
	data: ASObject(293289442){message=java.lang.Exception : Insufficient Balance for this Transaction, rootCause=java.lang.Exception, details=null, code=Server.Processing}
	HttpResponseInfo: HttpResponseInfo 
	code: 200
	message: OK)
Then Check Whether Transaction Details as "3" "2" "100000" are present (NOT PERFORMED)

Scenario: Scenario for Transaction from one account to another with valid data
Inside AccountPOJO Consrtuctor........
Inside  Employee POJO Constructor.......
Account Info : AccountPOJO [id=0, empId=EmployeePOJO [empId=3, fName=OMKAR, lName=INAMDAR, departmentName=DEVELOPMENT, designationName=MANAGER], amount=75000]
Inside AccountPOJO Consrtuctor........
Inside  Employee POJO Constructor.......
Account Info : AccountPOJO [id=0, empId=EmployeePOJO [empId=2, fName=Himanshu, lName=Gupta, departmentName=QA, designationName=ENGINEER], amount=25000]
Given Account details of Employees "3" "2"
Result is 1.0
When I Enter Transaction Details as "3" "2" "10000"
Inside AccountPOJO Consrtuctor........
Inside  Employee POJO Constructor.......
Inside AccountPOJO Consrtuctor........
Inside  Employee POJO Constructor.......
Inside transcation POJO.........
Transaction Entry : TransactionPOJO [Id=1.0, sourceEmpId=null, destiEmpId=null, amount=10000]
Then Check Whether Transaction Details as "3" "2" "10000" are present



(AfterStories)

Generating reports view to '/home/bhanu/projectworkspace/EmployeeManagementTest/target/jbehave' using formats '[stats, console, txt, html, xml]' and view properties '{navigator=ftl/jbehave-navigator.ftl, views=ftl/jbehave-views.ftl, reports=ftl/jbehave-reports-with-totals.ftl, nonDecorated=ftl/jbehave-report-non-decorated.ftl, decorated=ftl/jbehave-report-decorated.ftl, maps=ftl/jbehave-maps.ftl}'
Reports view generated with 1 stories (of which 0 pending) containing 58 scenarios (of which 0 pending)
]]></system-out>
  </testcase>
</testsuite>